# JRE version: OpenJDK Runtime Environment (8.0_152-b01) (build 1.8.0_152-release-915-b01)
# Java VM: OpenJDK 64-Bit Server VM (25.152-b01 mixed mode windows-amd64 compressed oops)
Heap:
 PSYoungGen      total 62976K, used 748K [0x00000000e0000000, 0x00000000e4580000, 0x0000000100000000)
  eden space 58368K, 0% used [0x00000000e0000000,0x00000000e0000000,0x00000000e3900000)
  from space 4608K, 16% used [0x00000000e4100000,0x00000000e41bb258,0x00000000e4580000)
  to   space 6144K, 0% used [0x00000000e3980000,0x00000000e3980000,0x00000000e3f80000)
 ParOldGen       total 42496K, used 25463K [0x00000000a0000000, 0x00000000a2980000, 0x00000000e0000000)
  object space 42496K, 59% used [0x00000000a0000000,0x00000000a18ddf70,0x00000000a2980000)
 Metaspace       used 42366K, capacity 43346K, committed 43480K, reserved 1091584K
  class space    used 5687K, capacity 6057K, committed 6144K, reserved 1048576K
GC Heap History (10 events):
Event: 27.541 GC heap after
Heap after GC invocations=18 (full 1):
 PSYoungGen      total 53760K, used 3076K [0x00000000e0000000, 0x00000000e4680000, 0x0000000100000000)
  eden space 47616K, 0% used [0x00000000e0000000,0x00000000e0000000,0x00000000e2e80000)
  from space 6144K, 50% used [0x00000000e2e80000,0x00000000e3181368,0x00000000e3480000)
  to   space 5632K, 0% used [0x00000000e4100000,0x00000000e4100000,0x00000000e4680000)
 ParOldGen       total 26624K, used 14636K [0x00000000a0000000, 0x00000000a1a00000, 0x00000000e0000000)
  object space 26624K, 54% used [0x00000000a0000000,0x00000000a0e4b158,0x00000000a1a00000)
 Metaspace       used 34422K, capacity 35176K, committed 35416K, reserved 1079296K
  class space    used 4691K, capacity 4970K, committed 4992K, reserved 1048576K
}
Event: 27.541 GC heap before
{Heap before GC invocations=19 (full 2):
 PSYoungGen      total 53760K, used 3076K [0x00000000e0000000, 0x00000000e4680000, 0x0000000100000000)
  eden space 47616K, 0% used [0x00000000e0000000,0x00000000e0000000,0x00000000e2e80000)
  from space 6144K, 50% used [0x00000000e2e80000,0x00000000e3181368,0x00000000e3480000)
  to   space 5632K, 0% used [0x00000000e4100000,0x00000000e4100000,0x00000000e4680000)
 ParOldGen       total 26624K, used 14636K [0x00000000a0000000, 0x00000000a1a00000, 0x00000000e0000000)
  object space 26624K, 54% used [0x00000000a0000000,0x00000000a0e4b158,0x00000000a1a00000)
 Metaspace       used 34422K, capacity 35176K, committed 35416K, reserved 1079296K
  class space    used 4691K, capacity 4970K, committed 4992K, reserved 1048576K
Event: 27.666 GC heap after
Heap after GC invocations=19 (full 2):
 PSYoungGen      total 53760K, used 0K [0x00000000e0000000, 0x00000000e4680000, 0x0000000100000000)
  eden space 47616K, 0% used [0x00000000e0000000,0x00000000e0000000,0x00000000e2e80000)
  from space 6144K, 0% used [0x00000000e2e80000,0x00000000e2e80000,0x00000000e3480000)
  to   space 5632K, 0% used [0x00000000e4100000,0x00000000e4100000,0x00000000e4680000)
 ParOldGen       total 42496K, used 16162K [0x00000000a0000000, 0x00000000a2980000, 0x00000000e0000000)
  object space 42496K, 38% used [0x00000000a0000000,0x00000000a0fc89b8,0x00000000a2980000)
 Metaspace       used 34422K, capacity 35176K, committed 35416K, reserved 1079296K
  class space    used 4691K, capacity 4970K, committed 4992K, reserved 1048576K
}
Event: 29.684 GC heap before
{Heap before GC invocations=20 (full 2):
 PSYoungGen      total 53760K, used 47616K [0x00000000e0000000, 0x00000000e4680000, 0x0000000100000000)
  eden space 47616K, 100% used [0x00000000e0000000,0x00000000e2e80000,0x00000000e2e80000)
  from space 6144K, 0% used [0x00000000e2e80000,0x00000000e2e80000,0x00000000e3480000)
  to   space 5632K, 0% used [0x00000000e4100000,0x00000000e4100000,0x00000000e4680000)
 ParOldGen       total 42496K, used 16162K [0x00000000a0000000, 0x00000000a2980000, 0x00000000e0000000)
  object space 42496K, 38% used [0x00000000a0000000,0x00000000a0fc89b8,0x00000000a2980000)
 Metaspace       used 38520K, capacity 39274K, committed 39640K, reserved 1083392K
  class space    used 5195K, capacity 5528K, committed 5632K, reserved 1048576K
Event: 29.694 GC heap after
Heap after GC invocations=20 (full 2):
 PSYoungGen      total 62976K, used 4383K [0x00000000e0000000, 0x00000000e4580000, 0x0000000100000000)
  eden space 58368K, 0% used [0x00000000e0000000,0x00000000e0000000,0x00000000e3900000)
  from space 4608K, 95% used [0x00000000e4100000,0x00000000e4547df8,0x00000000e4580000)
  to   space 6144K, 0% used [0x00000000e3980000,0x00000000e3980000,0x00000000e3f80000)
 ParOldGen       total 42496K, used 16170K [0x00000000a0000000, 0x00000000a2980000, 0x00000000e0000000)
  object space 42496K, 38% used [0x00000000a0000000,0x00000000a0fca9b8,0x00000000a2980000)
 Metaspace       used 38520K, capacity 39274K, committed 39640K, reserved 1083392K
  class space    used 5195K, capacity 5528K, committed 5632K, reserved 1048576K
}
Event: 32.000 GC heap before
{Heap before GC invocations=21 (full 2):
 PSYoungGen      total 62976K, used 62751K [0x00000000e0000000, 0x00000000e4580000, 0x0000000100000000)
  eden space 58368K, 100% used [0x00000000e0000000,0x00000000e3900000,0x00000000e3900000)
  from space 4608K, 95% used [0x00000000e4100000,0x00000000e4547df8,0x00000000e4580000)
  to   space 6144K, 0% used [0x00000000e3980000,0x00000000e3980000,0x00000000e3f80000)
 ParOldGen       total 42496K, used 16170K [0x00000000a0000000, 0x00000000a2980000, 0x00000000e0000000)
  object space 42496K, 38% used [0x00000000a0000000,0x00000000a0fca9b8,0x00000000a2980000)
 Metaspace       used 42066K, capacity 42950K, committed 43096K, reserved 1087488K
  class space    used 5637K, capacity 5991K, committed 6016K, reserved 1048576K
Event: 32.017 GC heap after
Heap after GC invocations=21 (full 2):
 PSYoungGen      total 64512K, used 6123K [0x00000000e0000000, 0x00000000e4580000, 0x0000000100000000)
  eden space 58368K, 0% used [0x00000000e0000000,0x00000000e0000000,0x00000000e3900000)
  from space 6144K, 99% used [0x00000000e3980000,0x00000000e3f7adf0,0x00000000e3f80000)
  to   space 4608K, 0% used [0x00000000e4100000,0x00000000e4100000,0x00000000e4580000)
 ParOldGen       total 42496K, used 19670K [0x00000000a0000000, 0x00000000a2980000, 0x00000000e0000000)
  object space 42496K, 46% used [0x00000000a0000000,0x00000000a1335a18,0x00000000a2980000)
 Metaspace       used 42066K, capacity 42950K, committed 43096K, reserved 1087488K
  class space    used 5637K, capacity 5991K, committed 6016K, reserved 1048576K
}
Event: 32.323 GC heap before
{Heap before GC invocations=22 (full 2):
 PSYoungGen      total 64512K, used 14152K [0x00000000e0000000, 0x00000000e4580000, 0x0000000100000000)
  eden space 58368K, 13% used [0x00000000e0000000,0x00000000e07d7278,0x00000000e3900000)
  from space 6144K, 99% used [0x00000000e3980000,0x00000000e3f7adf0,0x00000000e3f80000)
  to   space 4608K, 0% used [0x00000000e4100000,0x00000000e4100000,0x00000000e4580000)
 ParOldGen       total 42496K, used 19670K [0x00000000a0000000, 0x00000000a2980000, 0x00000000e0000000)
  object space 42496K, 46% used [0x00000000a0000000,0x00000000a1335a18,0x00000000a2980000)
 Metaspace       used 42366K, capacity 43346K, committed 43480K, reserved 1091584K
  class space    used 5687K, capacity 6057K, committed 6144K, reserved 1048576K
Event: 32.343 GC heap after
Heap after GC invocations=22 (full 2):
 PSYoungGen      total 62976K, used 748K [0x00000000e0000000, 0x00000000e4580000, 0x0000000100000000)
  eden space 58368K, 0% used [0x00000000e0000000,0x00000000e0000000,0x00000000e3900000)
  from space 4608K, 16% used [0x00000000e4100000,0x00000000e41bb258,0x00000000e4580000)
  to   space 6144K, 0% used [0x00000000e3980000,0x00000000e3980000,0x00000000e3f80000)
 ParOldGen       total 42496K, used 25463K [0x00000000a0000000, 0x00000000a2980000, 0x00000000e0000000)
  object space 42496K, 59% used [0x00000000a0000000,0x00000000a18ddf70,0x00000000a2980000)
 Metaspace       used 42366K, capacity 43346K, committed 43480K, reserved 1091584K
  class space    used 5687K, capacity 6057K, committed 6144K, reserved 1048576K
}
Event: 32.343 GC heap before
{Heap before GC invocations=23 (full 3):
 PSYoungGen      total 62976K, used 748K [0x00000000e0000000, 0x00000000e4580000, 0x0000000100000000)
  eden space 58368K, 0% used [0x00000000e0000000,0x00000000e0000000,0x00000000e3900000)
  from space 4608K, 16% used [0x00000000e4100000,0x00000000e41bb258,0x00000000e4580000)
  to   space 6144K, 0% used [0x00000000e3980000,0x00000000e3980000,0x00000000e3f80000)
 ParOldGen       total 42496K, used 25463K [0x00000000a0000000, 0x00000000a2980000, 0x00000000e0000000)
  object space 42496K, 59% used [0x00000000a0000000,0x00000000a18ddf70,0x00000000a2980000)
 Metaspace       used 42366K, capacity 43346K, committed 43480K, reserved 1091584K
  class space    used 5687K, capacity 6057K, committed 6144K, reserved 1048576K

